<?xml version="1.0" encoding="UTF-8"?>
<testsuite xmlns:xsi="http://www.w3.org/2001/XMLSchema-instance" xsi:noNamespaceSchemaLocation="https://maven.apache.org/surefire/maven-surefire-plugin/xsd/surefire-test-report.xsd" name="PriorityQueueTest" time="0.086" tests="8" errors="0" skipped="0" failures="1">
  <properties>
[...]
</properties>
  <testcase name="assertThrowClassCastExceptionWhenAddBadObjs" classname="PriorityQueueTest" time="0.019"/>
  <testcase name="assertThrowArrayStoreException" classname="PriorityQueueTest" time="0"/>
  <testcase name="testPriorityQueuePoll{Object[], Object[]}[1]" classname="PriorityQueueTest" time="0.026">
    <failure message="array contents differ at index [4], expected: &lt;99&gt; but was: &lt;9&gt;" type="org.opentest4j.AssertionFailedError"><![CDATA[org.opentest4j.AssertionFailedError: array contents differ at index [4], expected: <99> but was: <9>
	at PriorityQueueTest.testPriorityQueuePoll(PriorityQueueTest.java:44)
]]></failure>
  </testcase>
  <testcase name="testPriorityQueuePoll{Object[], Object[]}[2]" classname="PriorityQueueTest" time="0"/>
  <testcase name="testPriorityQueuePoll{Object[], Object[]}[3]" classname="PriorityQueueTest" time="0.001"/>
  <testcase name="testPriorityQueuePoll{Object[], Object[]}[4]" classname="PriorityQueueTest" time="0.001"/>
  <testcase name="testPriorityQueuePoll{Object[], Object[]}[5]" classname="PriorityQueueTest" time="0"/>
  <testcase name="assertThrowNullPointerExceptionWhenOfferIsNull" classname="PriorityQueueTest" time="0.001"/>
</testsuite>